0 info it worked if it ends with ok
1 verbose cli [ '/usr/bin/node', '/usr/bin/npm', 'star' ]
2 info using npm@6.12.1
3 info using node@v12.13.1
4 verbose npm-session 0b118d82d677017b
5 verbose stack Error: npm star [<pkg>...]
5 verbose stack npm unstar [<pkg>...]
5 verbose stack
5 verbose stack alias: unstar
5 verbose stack     at /usr/lib/node_modules/npm/lib/star.js:35:29
5 verbose stack     at tryCatcher (/usr/lib/node_modules/npm/node_modules/bluebird/js/release/util.js:16:23)
5 verbose stack     at Function.Promise.attempt.Promise.try (/usr/lib/node_modules/npm/node_modules/bluebird/js/release/method.js:39:29)
5 verbose stack     at EventEmitter.star (/usr/lib/node_modules/npm/lib/star.js:34:16)
5 verbose stack     at Object.commandCache.<computed> (/usr/lib/node_modules/npm/lib/npm.js:156:13)
5 verbose stack     at EventEmitter.<anonymous> (/usr/lib/node_modules/npm/bin/npm-cli.js:131:30)
5 verbose stack     at processTicksAndRejections (internal/process/task_queues.js:75:11)
6 verbose cwd /root/amplifyapp
7 verbose Linux 4.14.152-127.182.amzn2.x86_64
8 verbose argv "/usr/bin/node" "/usr/bin/npm" "star"
9 verbose node v12.13.1
10 verbose npm  v6.12.1
11 error npm star [<pkg>...]
11 error npm unstar [<pkg>...]
11 error
11 error alias: unstar
12 verbose exit [ 1, true ]
